<?xml version="1.0" encoding="UTF-8"?>
<coverage generated="1708289922388" clover="3.2.0">
  <project timestamp="1708289922389" name="All files">
    <metrics statements="55" coveredstatements="55" conditionals="3" coveredconditionals="3" methods="25" coveredmethods="25" elements="83" coveredelements="83" complexity="0" loc="55" ncloc="55" packages="2" files="2" classes="2"/>
    <package name="mrh">
      <metrics statements="34" coveredstatements="34" conditionals="3" coveredconditionals="3" methods="24" coveredmethods="24"/>
      <file name="index.ts" path="C:\Users\chris\Documents\nebur\mrh\index.ts">
        <metrics statements="34" coveredstatements="34" conditionals="3" coveredconditionals="3" methods="24" coveredmethods="24"/>
        <line num="5" count="14" type="stmt"/>
        <line num="10" count="25" type="stmt"/>
        <line num="17" count="25" type="stmt"/>
        <line num="24" count="3" type="stmt"/>
        <line num="25" count="3" type="stmt"/>
        <line num="29" count="2" type="stmt"/>
        <line num="30" count="2" type="stmt"/>
        <line num="34" count="2" type="stmt"/>
        <line num="35" count="2" type="stmt"/>
        <line num="39" count="2" type="stmt"/>
        <line num="40" count="2" type="stmt"/>
        <line num="44" count="2" type="stmt"/>
        <line num="45" count="2" type="stmt"/>
        <line num="49" count="2" type="stmt"/>
        <line num="50" count="2" type="stmt"/>
        <line num="54" count="2" type="stmt"/>
        <line num="55" count="2" type="stmt"/>
        <line num="59" count="2" type="stmt"/>
        <line num="60" count="2" type="stmt"/>
        <line num="64" count="2" type="stmt"/>
        <line num="65" count="2" type="stmt"/>
        <line num="69" count="2" type="stmt"/>
        <line num="70" count="2" type="stmt"/>
        <line num="74" count="2" type="stmt"/>
        <line num="75" count="2" type="stmt"/>
        <line num="79" count="2" type="stmt"/>
        <line num="80" count="2" type="stmt"/>
        <line num="84" count="24" type="stmt"/>
        <line num="88" count="25" type="stmt"/>
        <line num="89" count="14" type="stmt"/>
        <line num="90" count="24" type="stmt"/>
        <line num="91" count="1" type="stmt"/>
        <line num="92" count="1" type="stmt"/>
        <line num="97" count="14" type="stmt"/>
      </file>
    </package>
    <package name="mrh.utils">
      <metrics statements="21" coveredstatements="21" conditionals="0" coveredconditionals="0" methods="1" coveredmethods="1"/>
      <file name="index.ts" path="C:\Users\chris\Documents\nebur\mrh\utils\index.ts">
        <metrics statements="21" coveredstatements="21" conditionals="0" coveredconditionals="0" methods="1" coveredmethods="1"/>
        <line num="2" count="1" type="stmt"/>
        <line num="3" count="1" type="stmt"/>
        <line num="4" count="1" type="stmt"/>
        <line num="5" count="1" type="stmt"/>
        <line num="6" count="1" type="stmt"/>
        <line num="7" count="1" type="stmt"/>
        <line num="8" count="1" type="stmt"/>
        <line num="9" count="1" type="stmt"/>
        <line num="10" count="1" type="stmt"/>
        <line num="11" count="1" type="stmt"/>
        <line num="15" count="1" type="stmt"/>
        <line num="20" count="1" type="stmt"/>
        <line num="25" count="1" type="stmt"/>
        <line num="30" count="1" type="stmt"/>
        <line num="35" count="1" type="stmt"/>
        <line num="40" count="1" type="stmt"/>
        <line num="45" count="1" type="stmt"/>
        <line num="50" count="1" type="stmt"/>
        <line num="55" count="1" type="stmt"/>
        <line num="60" count="1" type="stmt"/>
        <line num="68" count="25" type="stmt"/>
      </file>
    </package>
  </project>
</coverage>
