{"C:\\Users\\chris\\Documents\\nebur\\mrh\\index.ts": {"path":"C:\\Users\\chris\\Documents\\nebur\\mrh\\index.ts","statementMap":{"0":{"start":{"line":5,"column":26},"end":{"line":5,"column":28}},"1":{"start":{"line":10,"column":4},"end":{"line":13,"column":6}},"2":{"start":{"line":17,"column":4},"end":{"line":20,"column":6}},"3":{"start":{"line":24,"column":4},"end":{"line":24,"column":81}},"4":{"start":{"line":25,"column":4},"end":{"line":25,"column":16}},"5":{"start":{"line":29,"column":4},"end":{"line":29,"column":55}},"6":{"start":{"line":30,"column":4},"end":{"line":30,"column":16}},"7":{"start":{"line":34,"column":4},"end":{"line":34,"column":56}},"8":{"start":{"line":35,"column":4},"end":{"line":35,"column":16}},"9":{"start":{"line":39,"column":4},"end":{"line":39,"column":56}},"10":{"start":{"line":40,"column":4},"end":{"line":40,"column":16}},"11":{"start":{"line":44,"column":4},"end":{"line":44,"column":71}},"12":{"start":{"line":45,"column":4},"end":{"line":45,"column":16}},"13":{"start":{"line":49,"column":4},"end":{"line":49,"column":62}},"14":{"start":{"line":50,"column":4},"end":{"line":50,"column":16}},"15":{"start":{"line":54,"column":4},"end":{"line":54,"column":54}},"16":{"start":{"line":55,"column":4},"end":{"line":55,"column":16}},"17":{"start":{"line":59,"column":4},"end":{"line":59,"column":63}},"18":{"start":{"line":60,"column":4},"end":{"line":60,"column":16}},"19":{"start":{"line":64,"column":4},"end":{"line":64,"column":75}},"20":{"start":{"line":65,"column":4},"end":{"line":65,"column":16}},"21":{"start":{"line":69,"column":4},"end":{"line":69,"column":75}},"22":{"start":{"line":70,"column":4},"end":{"line":70,"column":16}},"23":{"start":{"line":74,"column":4},"end":{"line":74,"column":75}},"24":{"start":{"line":75,"column":4},"end":{"line":75,"column":16}},"25":{"start":{"line":79,"column":4},"end":{"line":79,"column":93}},"26":{"start":{"line":80,"column":4},"end":{"line":80,"column":16}},"27":{"start":{"line":84,"column":4},"end":{"line":84,"column":69}},"28":{"start":{"line":84,"column":41},"end":{"line":84,"column":67}},"29":{"start":{"line":88,"column":23},"end":{"line":88,"column":107}},"30":{"start":{"line":88,"column":70},"end":{"line":88,"column":102}},"31":{"start":{"line":89,"column":4},"end":{"line":93,"column":6}},"32":{"start":{"line":90,"column":31},"end":{"line":90,"column":63}},"33":{"start":{"line":91,"column":27},"end":{"line":91,"column":37}},"34":{"start":{"line":92,"column":49},"end":{"line":92,"column":111}},"35":{"start":{"line":92,"column":78},"end":{"line":92,"column":101}},"36":{"start":{"line":97,"column":20},"end":{"line":97,"column":44}}},"fnMap":{"0":{"name":"(anonymous_0)","decl":{"start":{"line":7,"column":2},"end":{"line":7,"column":3}},"loc":{"start":{"line":7,"column":16},"end":{"line":7,"column":18}},"line":7},"1":{"name":"(anonymous_1)","decl":{"start":{"line":9,"column":2},"end":{"line":9,"column":3}},"loc":{"start":{"line":9,"column":76},"end":{"line":14,"column":3}},"line":9},"2":{"name":"(anonymous_2)","decl":{"start":{"line":16,"column":2},"end":{"line":16,"column":3}},"loc":{"start":{"line":16,"column":78},"end":{"line":21,"column":3}},"line":16},"3":{"name":"(anonymous_3)","decl":{"start":{"line":23,"column":2},"end":{"line":23,"column":3}},"loc":{"start":{"line":23,"column":21},"end":{"line":26,"column":3}},"line":23},"4":{"name":"(anonymous_4)","decl":{"start":{"line":28,"column":2},"end":{"line":28,"column":3}},"loc":{"start":{"line":28,"column":70},"end":{"line":31,"column":3}},"line":28},"5":{"name":"(anonymous_5)","decl":{"start":{"line":33,"column":2},"end":{"line":33,"column":3}},"loc":{"start":{"line":33,"column":28},"end":{"line":36,"column":3}},"line":33},"6":{"name":"(anonymous_6)","decl":{"start":{"line":38,"column":2},"end":{"line":38,"column":3}},"loc":{"start":{"line":38,"column":36},"end":{"line":41,"column":3}},"line":38},"7":{"name":"(anonymous_7)","decl":{"start":{"line":43,"column":2},"end":{"line":43,"column":3}},"loc":{"start":{"line":43,"column":16},"end":{"line":46,"column":3}},"line":43},"8":{"name":"(anonymous_8)","decl":{"start":{"line":48,"column":2},"end":{"line":48,"column":3}},"loc":{"start":{"line":48,"column":83},"end":{"line":51,"column":3}},"line":48},"9":{"name":"(anonymous_9)","decl":{"start":{"line":53,"column":2},"end":{"line":53,"column":3}},"loc":{"start":{"line":53,"column":68},"end":{"line":56,"column":3}},"line":53},"10":{"name":"(anonymous_10)","decl":{"start":{"line":58,"column":2},"end":{"line":58,"column":3}},"loc":{"start":{"line":58,"column":12},"end":{"line":61,"column":3}},"line":58},"11":{"name":"(anonymous_11)","decl":{"start":{"line":63,"column":2},"end":{"line":63,"column":3}},"loc":{"start":{"line":63,"column":18},"end":{"line":66,"column":3}},"line":63},"12":{"name":"(anonymous_12)","decl":{"start":{"line":68,"column":2},"end":{"line":68,"column":3}},"loc":{"start":{"line":68,"column":18},"end":{"line":71,"column":3}},"line":68},"13":{"name":"(anonymous_13)","decl":{"start":{"line":73,"column":2},"end":{"line":73,"column":3}},"loc":{"start":{"line":73,"column":17},"end":{"line":76,"column":3}},"line":73},"14":{"name":"(anonymous_14)","decl":{"start":{"line":78,"column":2},"end":{"line":78,"column":3}},"loc":{"start":{"line":78,"column":25},"end":{"line":81,"column":3}},"line":78},"15":{"name":"(anonymous_15)","decl":{"start":{"line":83,"column":2},"end":{"line":83,"column":3}},"loc":{"start":{"line":83,"column":59},"end":{"line":85,"column":3}},"line":83},"16":{"name":"(anonymous_16)","decl":{"start":{"line":84,"column":28},"end":{"line":84,"column":29}},"loc":{"start":{"line":84,"column":41},"end":{"line":84,"column":67}},"line":84},"17":{"name":"(anonymous_17)","decl":{"start":{"line":87,"column":2},"end":{"line":87,"column":3}},"loc":{"start":{"line":87,"column":8},"end":{"line":94,"column":3}},"line":87},"18":{"name":"(anonymous_18)","decl":{"start":{"line":88,"column":54},"end":{"line":88,"column":55}},"loc":{"start":{"line":88,"column":70},"end":{"line":88,"column":102}},"line":88},"19":{"name":"(anonymous_19)","decl":{"start":{"line":90,"column":12},"end":{"line":90,"column":13}},"loc":{"start":{"line":90,"column":31},"end":{"line":90,"column":63}},"line":90},"20":{"name":"(anonymous_20)","decl":{"start":{"line":91,"column":21},"end":{"line":91,"column":22}},"loc":{"start":{"line":91,"column":27},"end":{"line":91,"column":37}},"line":91},"21":{"name":"(anonymous_21)","decl":{"start":{"line":92,"column":20},"end":{"line":92,"column":21}},"loc":{"start":{"line":92,"column":49},"end":{"line":92,"column":111}},"line":92},"22":{"name":"(anonymous_22)","decl":{"start":{"line":92,"column":65},"end":{"line":92,"column":66}},"loc":{"start":{"line":92,"column":78},"end":{"line":92,"column":101}},"line":92},"23":{"name":"(anonymous_23)","decl":{"start":{"line":97,"column":14},"end":{"line":97,"column":15}},"loc":{"start":{"line":97,"column":20},"end":{"line":97,"column":44}},"line":97}},"branchMap":{"0":{"loc":{"start":{"line":28,"column":12},"end":{"line":28,"column":68}},"type":"default-arg","locations":[{"start":{"line":28,"column":39},"end":{"line":28,"column":68}}],"line":28},"1":{"loc":{"start":{"line":48,"column":18},"end":{"line":48,"column":81}},"type":"default-arg","locations":[{"start":{"line":48,"column":45},"end":{"line":48,"column":81}}],"line":48},"2":{"loc":{"start":{"line":53,"column":11},"end":{"line":53,"column":66}},"type":"default-arg","locations":[{"start":{"line":53,"column":38},"end":{"line":53,"column":66}}],"line":53}},"s":{"0":14,"1":25,"2":25,"3":3,"4":3,"5":2,"6":2,"7":2,"8":2,"9":2,"10":2,"11":2,"12":2,"13":2,"14":2,"15":2,"16":2,"17":2,"18":2,"19":2,"20":2,"21":2,"22":2,"23":2,"24":2,"25":2,"26":2,"27":24,"28":24,"29":14,"30":25,"31":14,"32":24,"33":1,"34":1,"35":1,"36":14},"f":{"0":14,"1":25,"2":25,"3":3,"4":2,"5":2,"6":2,"7":2,"8":2,"9":2,"10":2,"11":2,"12":2,"13":2,"14":2,"15":24,"16":24,"17":14,"18":25,"19":24,"20":1,"21":1,"22":1,"23":14},"b":{"0":[2],"1":[2],"2":[2]},"_coverageSchema":"1a1c01bbd47fc00a2c39e90264f33305004495a9","hash":"658ff3eec503c8a5c3cf191ecd1c0bbfb6e4d074"}
,"C:\\Users\\chris\\Documents\\nebur\\mrh\\utils\\index.ts": {"path":"C:\\Users\\chris\\Documents\\nebur\\mrh\\utils\\index.ts","statementMap":{"0":{"start":{"line":2,"column":26},"end":{"line":2,"column":44}},"1":{"start":{"line":3,"column":19},"end":{"line":3,"column":70}},"2":{"start":{"line":4,"column":21},"end":{"line":4,"column":33}},"3":{"start":{"line":5,"column":26},"end":{"line":5,"column":47}},"4":{"start":{"line":6,"column":18},"end":{"line":6,"column":39}},"5":{"start":{"line":7,"column":17},"end":{"line":7,"column":71}},"6":{"start":{"line":8,"column":23},"end":{"line":8,"column":33}},"7":{"start":{"line":9,"column":23},"end":{"line":9,"column":33}},"8":{"start":{"line":10,"column":23},"end":{"line":10,"column":59}},"9":{"start":{"line":11,"column":32},"end":{"line":11,"column":62}},"10":{"start":{"line":15,"column":26},"end":{"line":18,"column":5}},"11":{"start":{"line":20,"column":19},"end":{"line":23,"column":5}},"12":{"start":{"line":25,"column":21},"end":{"line":28,"column":5}},"13":{"start":{"line":30,"column":26},"end":{"line":33,"column":5}},"14":{"start":{"line":35,"column":18},"end":{"line":38,"column":5}},"15":{"start":{"line":40,"column":17},"end":{"line":43,"column":5}},"16":{"start":{"line":45,"column":23},"end":{"line":48,"column":5}},"17":{"start":{"line":50,"column":23},"end":{"line":53,"column":5}},"18":{"start":{"line":55,"column":23},"end":{"line":58,"column":5}},"19":{"start":{"line":60,"column":32},"end":{"line":63,"column":5}},"20":{"start":{"line":68,"column":6},"end":{"line":72,"column":8}}},"fnMap":{"0":{"name":"(anonymous_0)","decl":{"start":{"line":67,"column":4},"end":{"line":67,"column":5}},"loc":{"start":{"line":67,"column":83},"end":{"line":73,"column":5}},"line":67}},"branchMap":{},"s":{"0":1,"1":1,"2":1,"3":1,"4":1,"5":1,"6":1,"7":1,"8":1,"9":1,"10":1,"11":1,"12":1,"13":1,"14":1,"15":1,"16":1,"17":1,"18":1,"19":1,"20":25},"f":{"0":25},"b":{},"_coverageSchema":"1a1c01bbd47fc00a2c39e90264f33305004495a9","hash":"a362a40e54ab88c1cb2c852c8581c38c94409ac9"}
}
