TN:
SF:index.ts
FN:7,(anonymous_0)
FN:9,(anonymous_1)
FN:16,(anonymous_2)
FN:23,(anonymous_3)
FN:28,(anonymous_4)
FN:33,(anonymous_5)
FN:38,(anonymous_6)
FN:43,(anonymous_7)
FN:48,(anonymous_8)
FN:53,(anonymous_9)
FN:58,(anonymous_10)
FN:63,(anonymous_11)
FN:68,(anonymous_12)
FN:73,(anonymous_13)
FN:78,(anonymous_14)
FN:83,(anonymous_15)
FN:84,(anonymous_16)
FN:87,(anonymous_17)
FN:88,(anonymous_18)
FN:90,(anonymous_19)
FN:91,(anonymous_20)
FN:92,(anonymous_21)
FN:92,(anonymous_22)
FN:97,(anonymous_23)
FNF:24
FNH:24
FNDA:14,(anonymous_0)
FNDA:25,(anonymous_1)
FNDA:25,(anonymous_2)
FNDA:3,(anonymous_3)
FNDA:2,(anonymous_4)
FNDA:2,(anonymous_5)
FNDA:2,(anonymous_6)
FNDA:2,(anonymous_7)
FNDA:2,(anonymous_8)
FNDA:2,(anonymous_9)
FNDA:2,(anonymous_10)
FNDA:2,(anonymous_11)
FNDA:2,(anonymous_12)
FNDA:2,(anonymous_13)
FNDA:2,(anonymous_14)
FNDA:24,(anonymous_15)
FNDA:24,(anonymous_16)
FNDA:14,(anonymous_17)
FNDA:25,(anonymous_18)
FNDA:24,(anonymous_19)
FNDA:1,(anonymous_20)
FNDA:1,(anonymous_21)
FNDA:1,(anonymous_22)
FNDA:14,(anonymous_23)
DA:5,14
DA:10,25
DA:17,25
DA:24,3
DA:25,3
DA:29,2
DA:30,2
DA:34,2
DA:35,2
DA:39,2
DA:40,2
DA:44,2
DA:45,2
DA:49,2
DA:50,2
DA:54,2
DA:55,2
DA:59,2
DA:60,2
DA:64,2
DA:65,2
DA:69,2
DA:70,2
DA:74,2
DA:75,2
DA:79,2
DA:80,2
DA:84,24
DA:88,25
DA:89,14
DA:90,24
DA:91,1
DA:92,1
DA:97,14
LF:34
LH:34
BRDA:28,0,0,2
BRDA:48,1,0,2
BRDA:53,2,0,2
BRF:3
BRH:3
end_of_record
TN:
SF:utils\index.ts
FN:67,(anonymous_0)
FNF:1
FNH:1
FNDA:25,(anonymous_0)
DA:2,1
DA:3,1
DA:4,1
DA:5,1
DA:6,1
DA:7,1
DA:8,1
DA:9,1
DA:10,1
DA:11,1
DA:15,1
DA:20,1
DA:25,1
DA:30,1
DA:35,1
DA:40,1
DA:45,1
DA:50,1
DA:55,1
DA:60,1
DA:68,25
LF:21
LH:21
BRF:0
BRH:0
end_of_record
